[debug] [2017-11-15T18:50:57.928Z] ----------------------------------------------------------------------
[debug] [2017-11-15T18:50:57.932Z] Command:      C:\Program Files\nodejs\node.exe C:\Users\Jerome\AppData\Local\Yarn\config\global\node_modules\firebase-tools\bin\firebase deploy
[debug] [2017-11-15T18:50:57.933Z] CLI Version:  3.9.1
[debug] [2017-11-15T18:50:57.933Z] Platform:     win32
[debug] [2017-11-15T18:50:57.933Z] Node Version: v8.9.1
[debug] [2017-11-15T18:50:57.938Z] Time:         Wed Nov 15 2017 19:50:57 GMT+0100 (W. Europe Standard Time)
[debug] [2017-11-15T18:50:57.939Z] ----------------------------------------------------------------------
[debug] 
[debug] [2017-11-15T18:50:57.998Z] > command requires scopes: ["email","openid","https://www.googleapis.com/auth/cloudplatformprojects.readonly","https://www.googleapis.com/auth/firebase","https://www.googleapis.com/auth/cloud-platform"]
[debug] [2017-11-15T18:50:57.999Z] > authorizing via signed-in user
[debug] [2017-11-15T18:50:58.003Z] > refreshing access token with scopes: ["email","https://www.googleapis.com/auth/cloud-platform","https://www.googleapis.com/auth/cloudplatformprojects.readonly","https://www.googleapis.com/auth/firebase","openid"]
[debug] [2017-11-15T18:50:58.004Z] >>> HTTP REQUEST POST https://www.googleapis.com/oauth2/v3/token { refresh_token: '1/Qn_Sq-Fdfmf5QVlPY8hY_-weLE9EpJKR6ehJWwVDWH4',
  client_id: '563584335869-fgrhgmd47bqnekij5i8b5pr03ho849e6.apps.googleusercontent.com',
  client_secret: 'j9iVZfS8kkCEFUPaAeJV0sAi',
  grant_type: 'refresh_token',
  scope: 'email https://www.googleapis.com/auth/cloud-platform https://www.googleapis.com/auth/cloudplatformprojects.readonly https://www.googleapis.com/auth/firebase openid' } 
 Wed Nov 15 2017 19:50:58 GMT+0100 (W. Europe Standard Time)
[debug] [2017-11-15T18:50:58.276Z] <<< HTTP RESPONSE 200
[debug] [2017-11-15T18:50:58.395Z] >>> HTTP REQUEST GET https://admin.firebase.com/v1/projects/transhub-24008  
 Wed Nov 15 2017 19:50:58 GMT+0100 (W. Europe Standard Time)
[debug] [2017-11-15T18:50:59.295Z] <<< HTTP RESPONSE 200
[debug] [2017-11-15T18:50:59.297Z] >>> HTTP REQUEST GET https://admin.firebase.com/v1/database/transhub-24008/tokens  
 Wed Nov 15 2017 19:50:59 GMT+0100 (W. Europe Standard Time)
[debug] [2017-11-15T18:51:00.059Z] <<< HTTP RESPONSE 200
[info] 
[info] === Deploying to 'transhub-24008'...
[info] 
[info] i  deploying database, functions, hosting
[info] +  database: rules ready to deploy.
[debug] [2017-11-15T18:51:01.434Z] > [functions] package.json contents: {
  "name": "functions",
  "description": "Cloud Functions for Firebase",
  "dependencies": {
    "firebase-admin": "~4.2.1",
    "firebase-functions": "^0.5.7",
    "googleapis": "^22.2.0"
  },
  "private": true
}
[info] i  functions: ensuring necessary APIs are enabled...
[info] i  runtimeconfig: ensuring necessary APIs are enabled...
[debug] [2017-11-15T18:51:01.438Z] >>> HTTP REQUEST GET https://servicemanagement.googleapis.com/v1/services/cloudfunctions.googleapis.com/projectSettings/transhub-24008?view=CONSUMER_VIEW  
 Wed Nov 15 2017 19:51:01 GMT+0100 (W. Europe Standard Time)
[debug] [2017-11-15T18:51:01.439Z] >>> HTTP REQUEST GET https://servicemanagement.googleapis.com/v1/services/runtimeconfig.googleapis.com/projectSettings/transhub-24008?view=CONSUMER_VIEW  
 Wed Nov 15 2017 19:51:01 GMT+0100 (W. Europe Standard Time)
[debug] [2017-11-15T18:51:02.570Z] <<< HTTP RESPONSE 200
[info] +  runtimeconfig: all necessary APIs are enabled
[debug] [2017-11-15T18:51:02.628Z] <<< HTTP RESPONSE 200
[info] +  functions: all necessary APIs are enabled
[debug] [2017-11-15T18:51:02.630Z] >>> HTTP REQUEST GET https://appengine.googleapis.com/v1/apps/transhub-24008  
 Wed Nov 15 2017 19:51:02 GMT+0100 (W. Europe Standard Time)
[debug] [2017-11-15T18:51:02.630Z] >>> HTTP REQUEST GET https://apikeys.googleapis.com/v1/projects/transhub-24008/apiKeys  
 Wed Nov 15 2017 19:51:02 GMT+0100 (W. Europe Standard Time)
[debug] [2017-11-15T18:51:03.508Z] <<< HTTP RESPONSE 200
[debug] [2017-11-15T18:51:03.570Z] <<< HTTP RESPONSE 200
[info] i  functions: preparing functions directory for uploading...
[debug] [2017-11-15T18:51:54.238Z] >>> HTTP REQUEST GET https://runtimeconfig.googleapis.com/v1beta1/projects/transhub-24008/configs  
 Wed Nov 15 2017 19:51:54 GMT+0100 (W. Europe Standard Time)
[debug] [2017-11-15T18:51:54.623Z] <<< HTTP RESPONSE 200
[debug] [2017-11-15T18:51:54.624Z] >>> HTTP REQUEST GET https://runtimeconfig.googleapis.com/v1beta1/projects/transhub-24008/configs/googleapi/variables  
 Wed Nov 15 2017 19:51:54 GMT+0100 (W. Europe Standard Time)
[debug] [2017-11-15T18:51:54.886Z] <<< HTTP RESPONSE 200
[debug] [2017-11-15T18:51:54.888Z] >>> HTTP REQUEST GET https://runtimeconfig.googleapis.com/v1beta1/projects/transhub-24008/configs/googleapi/variables/sheet_id  
 Wed Nov 15 2017 19:51:54 GMT+0100 (W. Europe Standard Time)
[debug] [2017-11-15T18:51:54.889Z] >>> HTTP REQUEST GET https://runtimeconfig.googleapis.com/v1beta1/projects/transhub-24008/configs/googleapi/variables/client_id  
 Wed Nov 15 2017 19:51:54 GMT+0100 (W. Europe Standard Time)
[debug] [2017-11-15T18:51:54.890Z] >>> HTTP REQUEST GET https://runtimeconfig.googleapis.com/v1beta1/projects/transhub-24008/configs/googleapi/variables/client_secret  
 Wed Nov 15 2017 19:51:54 GMT+0100 (W. Europe Standard Time)
[debug] [2017-11-15T18:51:54.890Z] >>> HTTP REQUEST GET https://runtimeconfig.googleapis.com/v1beta1/projects/transhub-24008/configs/googleapi/variables/redirect_url  
 Wed Nov 15 2017 19:51:54 GMT+0100 (W. Europe Standard Time)
[debug] [2017-11-15T18:51:55.125Z] <<< HTTP RESPONSE 200
[debug] [2017-11-15T18:51:55.146Z] <<< HTTP RESPONSE 200
[debug] [2017-11-15T18:51:55.168Z] <<< HTTP RESPONSE 200
[debug] [2017-11-15T18:51:55.251Z] <<< HTTP RESPONSE 200
[info] i  functions: packaged functions (13.65 KB) for uploading
[debug] [2017-11-15T18:52:02.007Z] >>> HTTP REQUEST GET https://www.googleapis.com/storage/v1/b/staging.transhub-24008.appspot.com  
 Wed Nov 15 2017 19:52:02 GMT+0100 (W. Europe Standard Time)
[debug] [2017-11-15T18:52:02.270Z] <<< HTTP RESPONSE 200
[debug] [2017-11-15T18:52:02.271Z] >>> HTTP REQUEST POST https://www.googleapis.com/upload/storage/v1/b/staging.transhub-24008.appspot.com/o?uploadType=media&name=firebase-functions-source ReadStream {
  _readableState: 
   ReadableState {
     objectMode: false,
     highWaterMark: 65536,
     buffer: BufferList { head: [Object], tail: [Object], length: 1 },
     length: 13974,
     pipes: null,
     pipesCount: 0,
     flowing: null,
     ended: true,
     endEmitted: false,
     reading: false,
     sync: false,
     needReadable: false,
     emittedReadable: true,
     readableListening: false,
     resumeScheduled: false,
     destroyed: false,
     defaultEncoding: 'utf8',
     awaitDrain: 0,
     readingMore: false,
     decoder: null,
     encoding: null },
  readable: true,
  domain: null,
  _events: { end: [Function] },
  _eventsCount: 1,
  _maxListeners: undefined,
  path: 'C:\\Users\\Jerome\\AppData\\Local\\Temp\\firebase-functions-124584mSveU7j5oBMC.zip',
  fd: 5,
  flags: 'r',
  mode: 438,
  start: undefined,
  end: undefined,
  autoClose: true,
  pos: undefined,
  bytesRead: 13974 } 
 Wed Nov 15 2017 19:52:02 GMT+0100 (W. Europe Standard Time)
[debug] [2017-11-15T18:52:03.514Z] <<< HTTP RESPONSE 200
[info] +  functions: functions folder uploaded successfully
[info] i  hosting: preparing dist directory for upload...
[debug] [2017-11-15T18:52:04.114Z] >>> HTTP REQUEST PUT https://deploy.firebase.com/v1/hosting/transhub-24008/uploads/-Kz00HYG7BtcuLvJoR8N?fileCount=9&message=  
 Wed Nov 15 2017 19:52:04 GMT+0100 (W. Europe Standard Time)
[debug] [2017-11-15T18:52:07.300Z] <<< HTTP RESPONSE 200
[debug] [2017-11-15T18:52:07.300Z] [hosting] .tgz uploaded successfully, waiting for extraction
[info] +  hosting: 9 files uploaded successfully
[info] i  starting release process (may take several minutes)...
[debug] [2017-11-15T18:52:12.483Z] >>> HTTP REQUEST GET https://cloudfunctions.googleapis.com/v1beta2/projects/transhub-24008/locations/us-central1/functions  
 Wed Nov 15 2017 19:52:12 GMT+0100 (W. Europe Standard Time)
[debug] [2017-11-15T18:52:13.269Z] <<< HTTP RESPONSE 200
[info] i  functions: updating function authGoogleAPI...
[debug] [2017-11-15T18:52:13.275Z] Trigger is: 
[info] i  functions: updating function OauthCallback...
[debug] [2017-11-15T18:52:13.277Z] Trigger is: 
[info] i  functions: updating function appendRecordToSpreadsheet...
[debug] [2017-11-15T18:52:13.278Z] Trigger is: 
[debug] [2017-11-15T18:52:13.278Z] >>> HTTP REQUEST PUT https://cloudfunctions.googleapis.com/v1beta2/projects/transhub-24008/locations/us-central1/functions/authGoogleAPI { sourceArchiveUrl: 'gs://staging.transhub-24008.appspot.com/firebase-functions-source',
  name: 'projects/transhub-24008/locations/us-central1/functions/authGoogleAPI',
  entryPoint: 'authGoogleAPI',
  timeout: '60s',
  availableMemoryMb: 256,
  httpsTrigger: {} } 
 Wed Nov 15 2017 19:52:13 GMT+0100 (W. Europe Standard Time)
[debug] [2017-11-15T18:52:13.280Z] >>> HTTP REQUEST PUT https://cloudfunctions.googleapis.com/v1beta2/projects/transhub-24008/locations/us-central1/functions/OauthCallback { sourceArchiveUrl: 'gs://staging.transhub-24008.appspot.com/firebase-functions-source',
  name: 'projects/transhub-24008/locations/us-central1/functions/OauthCallback',
  entryPoint: 'OauthCallback',
  timeout: '60s',
  availableMemoryMb: 256,
  httpsTrigger: {} } 
 Wed Nov 15 2017 19:52:13 GMT+0100 (W. Europe Standard Time)
[debug] [2017-11-15T18:52:13.280Z] >>> HTTP REQUEST PUT https://cloudfunctions.googleapis.com/v1beta2/projects/transhub-24008/locations/us-central1/functions/appendRecordToSpreadsheet { sourceArchiveUrl: 'gs://staging.transhub-24008.appspot.com/firebase-functions-source',
  name: 'projects/transhub-24008/locations/us-central1/functions/appendRecordToSpreadsheet',
  entryPoint: 'appendRecordToSpreadsheet',
  timeout: '60s',
  availableMemoryMb: 256,
  eventTrigger: 
   { resource: 'projects/_/instances/transhub-24008/refs/mandatsEnCours/{ITEM}',
     eventType: 'providers/google.firebase.database/eventTypes/ref.delete' } } 
 Wed Nov 15 2017 19:52:13 GMT+0100 (W. Europe Standard Time)
[debug] [2017-11-15T18:52:13.725Z] <<< HTTP RESPONSE 200
[debug] [2017-11-15T18:52:13.728Z] <<< HTTP RESPONSE 200
[debug] [2017-11-15T18:52:13.751Z] <<< HTTP RESPONSE 200
[debug] [2017-11-15T18:52:13.753Z] >>> HTTP REQUEST GET https://cloudfunctions.googleapis.com/v1beta2/projects/transhub-24008/locations/us-central1/functions  
 Wed Nov 15 2017 19:52:13 GMT+0100 (W. Europe Standard Time)
[debug] [2017-11-15T18:52:13.754Z] >>> HTTP REQUEST GET https://cloudfunctions.googleapis.com/v1beta2/operations/dHJhbnNodWItMjQwMDgvdXMtY2VudHJhbDEvYXV0aEdvb2dsZUFQSS9pQTJzZ251dVZWbw  
 Wed Nov 15 2017 19:52:13 GMT+0100 (W. Europe Standard Time)
[debug] [2017-11-15T18:52:13.755Z] >>> HTTP REQUEST GET https://cloudfunctions.googleapis.com/v1beta2/operations/dHJhbnNodWItMjQwMDgvdXMtY2VudHJhbDEvT2F1dGhDYWxsYmFjay9ET3VITFhVd2FyTQ  
 Wed Nov 15 2017 19:52:13 GMT+0100 (W. Europe Standard Time)
[debug] [2017-11-15T18:52:13.755Z] >>> HTTP REQUEST GET https://cloudfunctions.googleapis.com/v1beta2/operations/dHJhbnNodWItMjQwMDgvdXMtY2VudHJhbDEvYXBwZW5kUmVjb3JkVG9TcHJlYWRzaGVldC9qTWptb2xoQXB0QQ  
 Wed Nov 15 2017 19:52:13 GMT+0100 (W. Europe Standard Time)
[debug] [2017-11-15T18:52:14.015Z] <<< HTTP RESPONSE 200
[debug] [2017-11-15T18:52:14.029Z] <<< HTTP RESPONSE 200
[debug] [2017-11-15T18:52:14.030Z] <<< HTTP RESPONSE 200
[debug] [2017-11-15T18:52:14.031Z] <<< HTTP RESPONSE 200
[debug] [2017-11-15T18:52:14.032Z] [functions] operation poll: authGoogleAPI: update operations/dHJhbnNodWItMjQwMDgvdXMtY2VudHJhbDEvYXV0aEdvb2dsZUFQSS9pQTJzZ251dVZWbw is not done.
[debug] [2017-11-15T18:52:14.032Z] [functions] operation poll: OauthCallback: update operations/dHJhbnNodWItMjQwMDgvdXMtY2VudHJhbDEvT2F1dGhDYWxsYmFjay9ET3VITFhVd2FyTQ is not done.
[debug] [2017-11-15T18:52:14.032Z] [functions] operation poll: appendRecordToSpreadsheet: update operations/dHJhbnNodWItMjQwMDgvdXMtY2VudHJhbDEvYXBwZW5kUmVjb3JkVG9TcHJlYWRzaGVldC9qTWptb2xoQXB0QQ is not done.
